number,value,datetime_start,datetime_complete,duration,params_d_model,params_lr,params_nhead,params_num_layers,params_weight_decay,state
0,0.03169972077012062,2025-07-31 11:34:52.370533,2025-07-31 11:34:57.813824,0 days 00:00:05.443291,256,0.0003667621164430947,4,4,9.861651882125389e-07,COMPLETE
1,0.04017684579936459,2025-07-31 11:34:57.813824,2025-07-31 11:34:59.261197,0 days 00:00:01.447373,128,8.941815933090027e-05,1,1,3.952851313085053e-07,COMPLETE
2,0.01727192383259535,2025-07-31 11:34:59.261197,2025-07-31 11:35:02.876740,0 days 00:00:03.615543,256,0.0003497973043756731,1,4,1.320821411508229e-07,COMPLETE
3,0.16367618942304568,2025-07-31 11:35:02.876740,2025-07-31 11:35:04.670130,0 days 00:00:01.793390,128,1.915952926061176e-05,1,2,2.714875432208703e-07,COMPLETE
4,0.09361765330986065,2025-07-31 11:35:04.670130,2025-07-31 11:35:06.634065,0 days 00:00:01.963935,256,1.28194887678965e-05,4,2,2.5650358638769482e-08,COMPLETE
5,0.04430210086352685,2025-07-31 11:35:06.635156,2025-07-31 11:35:09.048146,0 days 00:00:02.412990,64,0.0004255391897911783,4,3,3.655199829503638e-05,COMPLETE
6,0.03847137331853018,2025-07-31 11:35:09.048146,2025-07-31 11:35:12.545284,0 days 00:00:03.497138,128,6.246480622494929e-05,1,4,5.815306740322004e-08,COMPLETE
7,0.020176298313719386,2025-07-31 11:35:12.545284,2025-07-31 11:35:14.177972,0 days 00:00:01.632688,256,5.181922767892622e-05,4,1,7.961231709962136e-08,COMPLETE
8,0.018936795949497643,2025-07-31 11:35:14.177972,2025-07-31 11:35:16.525281,0 days 00:00:02.347309,256,0.0007243071058538372,2,2,7.5753973535882444e-06,COMPLETE
9,0.018978126347064972,2025-07-31 11:35:16.525281,2025-07-31 11:35:17.926989,0 days 00:00:01.401708,64,0.0002493043555150099,1,1,1.6485578601482125e-07,COMPLETE
10,0.011633649865603623,2025-07-31 11:35:17.926989,2025-07-31 11:35:20.892995,0 days 00:00:02.966006,256,0.00019295679097070583,2,3,1.0362978031815315e-08,COMPLETE
11,0.007056403727106312,2025-07-31 11:35:20.892995,2025-07-31 11:35:24.190494,0 days 00:00:03.297499,256,0.00017687049804059006,2,3,1.3871885979501776e-08,COMPLETE
12,0.006150093258303755,2025-07-31 11:35:24.190494,2025-07-31 11:35:27.404996,0 days 00:00:03.214502,256,0.00015988850122020112,2,3,1.5040368490072616e-08,COMPLETE
13,0.014177239636945374,2025-07-31 11:35:27.404996,2025-07-31 11:35:30.544860,0 days 00:00:03.139864,256,0.00014566887629718732,2,3,2.5128516832019322e-08,COMPLETE
14,0.013274175635374644,2025-07-31 11:35:30.544860,2025-07-31 11:35:33.594082,0 days 00:00:03.049222,256,3.782093087586631e-05,2,3,1.1201737065336757e-08,COMPLETE
15,0.05713638667400707,2025-07-31 11:35:33.594082,2025-07-31 11:35:36.488198,0 days 00:00:02.894116,64,0.00011944313418014924,2,3,4.403842064670493e-06,COMPLETE
16,0.13625390646869645,2025-07-31 11:35:36.488198,2025-07-31 11:35:38.904817,0 days 00:00:02.416619,256,0.0008878352808753078,2,2,1.6463795444100732e-06,COMPLETE
17,0.008948052082868183,2025-07-31 11:35:38.904817,2025-07-31 11:35:42.958751,0 days 00:00:04.053934,256,8.10288622712366e-05,2,4,4.105680468927893e-08,COMPLETE
18,0.07994497690678519,2025-07-31 11:35:42.958751,2025-07-31 11:35:45.698002,0 days 00:00:02.739251,128,3.1795073894029706e-05,2,3,7.107977142687712e-05,COMPLETE
19,0.034334564444554204,2025-07-31 11:35:45.698002,2025-07-31 11:35:47.501803,0 days 00:00:01.803801,64,0.00017518632976825288,2,2,5.845587538358105e-07,COMPLETE
20,0.025173180079197183,2025-07-31 11:35:47.501803,2025-07-31 11:35:50.853144,0 days 00:00:03.351341,256,0.0004738360711446219,2,4,2.009313485339117e-08,COMPLETE
21,0.02091325929059702,2025-07-31 11:35:50.854174,2025-07-31 11:35:54.404179,0 days 00:00:03.550005,256,8.899495715123896e-05,2,4,4.856159145130833e-08,COMPLETE
22,0.02985103417407064,2025-07-31 11:35:54.404179,2025-07-31 11:35:57.914899,0 days 00:00:03.510720,256,0.0002600368773877395,2,4,3.836779870312795e-08,COMPLETE
23,0.007313359439756502,2025-07-31 11:35:57.914899,2025-07-31 11:36:00.684659,0 days 00:00:02.769760,256,6.908452315400035e-05,2,3,1.0382633643943295e-08,COMPLETE
24,0.004527409047381405,2025-07-31 11:36:00.684659,2025-07-31 11:36:03.483955,0 days 00:00:02.799296,256,0.0001259857564774698,2,3,1.2479900335980035e-08,COMPLETE
25,0.004556872655966264,2025-07-31 11:36:03.484969,2025-07-31 11:36:06.105095,0 days 00:00:02.620126,256,0.00014059715385669318,2,3,1.1381464793497252e-07,COMPLETE
26,0.012902767780949087,2025-07-31 11:36:06.106104,2025-07-31 11:36:08.627182,0 days 00:00:02.521078,256,0.00010935695407003934,2,3,1.354012750627806e-07,COMPLETE
27,0.01247361398932031,2025-07-31 11:36:08.627182,2025-07-31 11:36:10.528325,0 days 00:00:01.901143,256,4.298011680454156e-05,2,2,9.083470315644549e-08,COMPLETE
28,0.021990341969820505,2025-07-31 11:36:10.529336,2025-07-31 11:36:12.862138,0 days 00:00:02.332802,64,0.0002580706296973517,4,3,2.403065763196672e-07,COMPLETE
29,0.01205925495528123,2025-07-31 11:36:12.863150,2025-07-31 11:36:15.179751,0 days 00:00:02.316601,128,0.00012534539711300002,2,3,9.368367033451881e-07,COMPLETE
30,0.01656300508800675,2025-07-31 11:36:15.179751,2025-07-31 11:36:17.077920,0 days 00:00:01.898169,256,0.0006035718537095159,4,2,2.8324879952913017e-08,COMPLETE
31,0.012635455939316136,2025-07-31 11:36:17.077920,2025-07-31 11:36:19.712844,0 days 00:00:02.634924,256,0.00018271545680352715,2,3,1.7510854853834764e-08,COMPLETE
32,0.007733038962161278,2025-07-31 11:36:19.712844,2025-07-31 11:36:22.297432,0 days 00:00:02.584588,256,0.0001469627117748615,2,3,1.702599858468641e-08,COMPLETE
33,0.01013506724334815,2025-07-31 11:36:22.298440,2025-07-31 11:36:24.971719,0 days 00:00:02.673279,256,0.0002735128609332472,2,3,9.605150991231463e-08,COMPLETE
34,0.02041412829695379,2025-07-31 11:36:24.971719,2025-07-31 11:36:27.521547,0 days 00:00:02.549828,256,0.00035759374753223616,1,3,5.821301928339748e-08,COMPLETE
35,0.024653655641219196,2025-07-31 11:36:27.521547,2025-07-31 11:36:30.371339,0 days 00:00:02.849792,128,0.0002065241927162261,2,4,1.6739732782389663e-08,COMPLETE
36,0.029000340330907527,2025-07-31 11:36:30.371339,2025-07-31 11:36:32.242847,0 days 00:00:01.871508,256,9.835249701623346e-05,1,2,2.5674028828869344e-07,COMPLETE
37,0.007617093204958912,2025-07-31 11:36:32.242847,2025-07-31 11:36:34.919932,0 days 00:00:02.677085,256,0.00012760730317409096,2,3,3.068203178049398e-08,COMPLETE
38,0.009212603991139023,2025-07-31 11:36:34.919932,2025-07-31 11:36:38.483695,0 days 00:00:03.563763,256,6.883794446444043e-05,4,4,6.436601572099686e-08,COMPLETE
39,0.10971072138122775,2025-07-31 11:36:38.483695,2025-07-31 11:36:41.456725,0 days 00:00:02.973030,128,2.4518010353357716e-05,2,3,1.663677290593423e-08,COMPLETE
40,0.018561118090634838,2025-07-31 11:36:41.456725,2025-07-31 11:36:43.750811,0 days 00:00:02.294086,256,5.238732321683957e-05,1,2,2.1974171141760558e-06,COMPLETE
41,0.013464479638701853,2025-07-31 11:36:43.750811,2025-07-31 11:36:46.806340,0 days 00:00:03.055529,256,7.687574636048608e-05,2,3,1.1097423737607789e-08,COMPLETE
42,0.008682643725906554,2025-07-31 11:36:46.806340,2025-07-31 11:36:49.517847,0 days 00:00:02.711507,256,6.033222888102033e-05,2,3,1.1098950225546373e-08,COMPLETE
43,0.03246565615100896,2025-07-31 11:36:49.517847,2025-07-31 11:36:52.189627,0 days 00:00:02.671780,256,0.00015824470380916667,2,3,3.659150048562892e-08,COMPLETE
44,0.00815713099505314,2025-07-31 11:36:52.189627,2025-07-31 11:36:54.826811,0 days 00:00:02.637184,256,0.00022514853034083109,2,3,4.040671210416587e-07,COMPLETE
45,0.2537885658333407,2025-07-31 11:36:54.826811,2025-07-31 11:36:57.088522,0 days 00:00:02.261711,64,1.4762692371541875e-05,2,3,2.1933572712784137e-08,COMPLETE
46,0.03118480895371998,2025-07-31 11:36:57.089089,2025-07-31 11:36:59.656601,0 days 00:00:02.567512,256,0.0001016372860926529,4,3,1.1052268128853793e-08,COMPLETE
47,0.005716885166133151,2025-07-31 11:36:59.657610,2025-07-31 11:37:01.550852,0 days 00:00:01.893242,256,0.00032626904828522463,2,2,1.0103510318453866e-05,COMPLETE
48,0.005979984385810573,2025-07-31 11:37:01.550852,2025-07-31 11:37:02.883098,0 days 00:00:01.332246,256,0.0003290151726105402,1,1,1.697298814766548e-05,COMPLETE
49,0.002968437202713069,2025-07-31 11:37:02.884104,2025-07-31 11:37:04.084053,0 days 00:00:01.199949,256,0.0005155592360037846,1,1,1.816344729485572e-05,COMPLETE
